# JRE version: Java(TM) SE Runtime Environment (8.0_31-b13) (build 1.8.0_31-b13)
# Java VM: Java HotSpot(TM) 64-Bit Server VM (25.31-b07 mixed mode bsd-amd64 compressed oops)
Heap:
 PSYoungGen      total 139264K, used 81541K [0x00000007aab00000, 0x00000007b4900000, 0x00000007c0000000)
  eden space 118784K, 64% used [0x00000007aab00000,0x00000007af59b160,0x00000007b1f00000)
  from space 20480K, 25% used [0x00000007b3500000,0x00000007b3a06360,0x00000007b4900000)
  to   space 21504K, 0% used [0x00000007b1f00000,0x00000007b1f00000,0x00000007b3400000)
 ParOldGen       total 65536K, used 43979K [0x0000000780000000, 0x0000000784000000, 0x00000007aab00000)
  object space 65536K, 67% used [0x0000000780000000,0x0000000782af2fd8,0x0000000784000000)
 Metaspace       used 59074K, capacity 66738K, committed 68096K, reserved 1107968K
  class space    used 7695K, capacity 10007K, committed 10240K, reserved 1048576K
GC Heap History (10 events):
Event: 17158.766 GC heap before
{Heap before GC invocations=151 (full 30):
 PSYoungGen      total 132608K, used 127672K [0x00000007aab00000, 0x00000007b4680000, 0x00000007c0000000)
  eden space 112640K, 100% used [0x00000007aab00000,0x00000007b1900000,0x00000007b1900000)
  from space 19968K, 75% used [0x00000007b2e00000,0x00000007b3cae350,0x00000007b4180000)
  to   space 21504K, 0% used [0x00000007b1900000,0x00000007b1900000,0x00000007b2e00000)
 ParOldGen       total 65536K, used 33656K [0x0000000780000000, 0x0000000784000000, 0x00000007aab00000)
  object space 65536K, 51% used [0x0000000780000000,0x00000007820de278,0x0000000784000000)
 Metaspace       used 58639K, capacity 65876K, committed 67840K, reserved 1107968K
  class space    used 7640K, capacity 9867K, committed 10240K, reserved 1048576K
Event: 17158.810 GC heap after
Heap after GC invocations=151 (full 30):
 PSYoungGen      total 134144K, used 15321K [0x00000007aab00000, 0x00000007b4980000, 0x00000007c0000000)
  eden space 112640K, 0% used [0x00000007aab00000,0x00000007aab00000,0x00000007b1900000)
  from space 21504K, 71% used [0x00000007b1900000,0x00000007b27f6530,0x00000007b2e00000)
  to   space 23040K, 0% used [0x00000007b3300000,0x00000007b3300000,0x00000007b4980000)
 ParOldGen       total 65536K, used 33664K [0x0000000780000000, 0x0000000784000000, 0x00000007aab00000)
  object space 65536K, 51% used [0x0000000780000000,0x00000007820e0278,0x0000000784000000)
 Metaspace       used 58639K, capacity 65876K, committed 67840K, reserved 1107968K
  class space    used 7640K, capacity 9867K, committed 10240K, reserved 1048576K
}
Event: 17165.994 GC heap before
{Heap before GC invocations=152 (full 30):
 PSYoungGen      total 134144K, used 91352K [0x00000007aab00000, 0x00000007b4980000, 0x00000007c0000000)
  eden space 112640K, 67% used [0x00000007aab00000,0x00000007af53fb10,0x00000007b1900000)
  from space 21504K, 71% used [0x00000007b1900000,0x00000007b27f6530,0x00000007b2e00000)
  to   space 23040K, 0% used [0x00000007b3300000,0x00000007b3300000,0x00000007b4980000)
 ParOldGen       total 65536K, used 33664K [0x0000000780000000, 0x0000000784000000, 0x00000007aab00000)
  object space 65536K, 51% used [0x0000000780000000,0x00000007820e0278,0x0000000784000000)
 Metaspace       used 58671K, capacity 66000K, committed 67840K, reserved 1107968K
  class space    used 7646K, capacity 9877K, committed 10240K, reserved 1048576K
Event: 17166.011 GC heap after
Heap after GC invocations=152 (full 30):
 PSYoungGen      total 138240K, used 11904K [0x00000007aab00000, 0x00000007b4880000, 0x00000007c0000000)
  eden space 116224K, 0% used [0x00000007aab00000,0x00000007aab00000,0x00000007b1c80000)
  from space 22016K, 54% used [0x00000007b3300000,0x00000007b3ea0000,0x00000007b4880000)
  to   space 22528K, 0% used [0x00000007b1c80000,0x00000007b1c80000,0x00000007b3280000)
 ParOldGen       total 65536K, used 33664K [0x0000000780000000, 0x0000000784000000, 0x00000007aab00000)
  object space 65536K, 51% used [0x0000000780000000,0x00000007820e0278,0x0000000784000000)
 Metaspace       used 58671K, capacity 66000K, committed 67840K, reserved 1107968K
  class space    used 7646K, capacity 9877K, committed 10240K, reserved 1048576K
}
Event: 17166.011 GC heap before
{Heap before GC invocations=153 (full 31):
 PSYoungGen      total 138240K, used 11904K [0x00000007aab00000, 0x00000007b4880000, 0x00000007c0000000)
  eden space 116224K, 0% used [0x00000007aab00000,0x00000007aab00000,0x00000007b1c80000)
  from space 22016K, 54% used [0x00000007b3300000,0x00000007b3ea0000,0x00000007b4880000)
  to   space 22528K, 0% used [0x00000007b1c80000,0x00000007b1c80000,0x00000007b3280000)
 ParOldGen       total 65536K, used 33664K [0x0000000780000000, 0x0000000784000000, 0x00000007aab00000)
  object space 65536K, 51% used [0x0000000780000000,0x00000007820e0278,0x0000000784000000)
 Metaspace       used 58671K, capacity 66000K, committed 67840K, reserved 1107968K
  class space    used 7646K, capacity 9877K, committed 10240K, reserved 1048576K
Event: 17166.622 GC heap after
Heap after GC invocations=153 (full 31):
 PSYoungGen      total 138240K, used 0K [0x00000007aab00000, 0x00000007b4880000, 0x00000007c0000000)
  eden space 116224K, 0% used [0x00000007aab00000,0x00000007aab00000,0x00000007b1c80000)
  from space 22016K, 0% used [0x00000007b3300000,0x00000007b3300000,0x00000007b4880000)
  to   space 22528K, 0% used [0x00000007b1c80000,0x00000007b1c80000,0x00000007b3280000)
 ParOldGen       total 65536K, used 43971K [0x0000000780000000, 0x0000000784000000, 0x00000007aab00000)
  object space 65536K, 67% used [0x0000000780000000,0x0000000782af0fd8,0x0000000784000000)
 Metaspace       used 58671K, capacity 66000K, committed 67840K, reserved 1107968K
  class space    used 7646K, capacity 9877K, committed 10240K, reserved 1048576K
}
Event: 17200.213 GC heap before
{Heap before GC invocations=154 (full 31):
 PSYoungGen      total 138240K, used 116224K [0x00000007aab00000, 0x00000007b4880000, 0x00000007c0000000)
  eden space 116224K, 100% used [0x00000007aab00000,0x00000007b1c80000,0x00000007b1c80000)
  from space 22016K, 0% used [0x00000007b3300000,0x00000007b3300000,0x00000007b4880000)
  to   space 22528K, 0% used [0x00000007b1c80000,0x00000007b1c80000,0x00000007b3280000)
 ParOldGen       total 65536K, used 43971K [0x0000000780000000, 0x0000000784000000, 0x00000007aab00000)
  object space 65536K, 67% used [0x0000000780000000,0x0000000782af0fd8,0x0000000784000000)
 Metaspace       used 58829K, capacity 66348K, committed 67840K, reserved 1107968K
  class space    used 7675K, capacity 9950K, committed 10240K, reserved 1048576K
Event: 17200.222 GC heap after
Heap after GC invocations=154 (full 31):
 PSYoungGen      total 138752K, used 5113K [0x00000007aab00000, 0x00000007b4a80000, 0x00000007c0000000)
  eden space 116224K, 0% used [0x00000007aab00000,0x00000007aab00000,0x00000007b1c80000)
  from space 22528K, 22% used [0x00000007b1c80000,0x00000007b217e430,0x00000007b3280000)
  to   space 22016K, 0% used [0x00000007b3500000,0x00000007b3500000,0x00000007b4a80000)
 ParOldGen       total 65536K, used 43971K [0x0000000780000000, 0x0000000784000000, 0x00000007aab00000)
  object space 65536K, 67% used [0x0000000780000000,0x0000000782af0fd8,0x0000000784000000)
 Metaspace       used 58829K, capacity 66348K, committed 67840K, reserved 1107968K
  class space    used 7675K, capacity 9950K, committed 10240K, reserved 1048576K
}
Event: 17265.101 GC heap before
{Heap before GC invocations=155 (full 31):
 PSYoungGen      total 138752K, used 121337K [0x00000007aab00000, 0x00000007b4a80000, 0x00000007c0000000)
  eden space 116224K, 100% used [0x00000007aab00000,0x00000007b1c80000,0x00000007b1c80000)
  from space 22528K, 22% used [0x00000007b1c80000,0x00000007b217e430,0x00000007b3280000)
  to   space 22016K, 0% used [0x00000007b3500000,0x00000007b3500000,0x00000007b4a80000)
 ParOldGen       total 65536K, used 43971K [0x0000000780000000, 0x0000000784000000, 0x00000007aab00000)
  object space 65536K, 67% used [0x0000000780000000,0x0000000782af0fd8,0x0000000784000000)
 Metaspace       used 59020K, capacity 66698K, committed 68096K, reserved 1107968K
  class space    used 7694K, capacity 10002K, committed 10240K, reserved 1048576K
Event: 17265.132 GC heap after
Heap after GC invocations=155 (full 31):
 PSYoungGen      total 139264K, used 5144K [0x00000007aab00000, 0x00000007b4900000, 0x00000007c0000000)
  eden space 118784K, 0% used [0x00000007aab00000,0x00000007aab00000,0x00000007b1f00000)
  from space 20480K, 25% used [0x00000007b3500000,0x00000007b3a06360,0x00000007b4900000)
  to   space 21504K, 0% used [0x00000007b1f00000,0x00000007b1f00000,0x00000007b3400000)
 ParOldGen       total 65536K, used 43979K [0x0000000780000000, 0x0000000784000000, 0x00000007aab00000)
  object space 65536K, 67% used [0x0000000780000000,0x0000000782af2fd8,0x0000000784000000)
 Metaspace       used 59020K, capacity 66698K, committed 68096K, reserved 1107968K
  class space    used 7694K, capacity 10002K, committed 10240K, reserved 1048576K
}

